[Sat Mar 16 00:40:51.766167 2019] [ssl:warn] [pid 8708:tid 496] AH01909: www.example.com:443:0 server certificate does NOT include an ID which matches the server name
[Sat Mar 16 00:40:51.879554 2019] [ssl:warn] [pid 8708:tid 496] AH01909: www.example.com:443:0 server certificate does NOT include an ID which matches the server name
[Sat Mar 16 00:40:51.978676 2019] [mpm_winnt:notice] [pid 8708:tid 496] AH00455: Apache/2.4.38 (Win64) OpenSSL/1.0.2q PHP/5.6.40 configured -- resuming normal operations
[Sat Mar 16 00:40:51.978676 2019] [mpm_winnt:notice] [pid 8708:tid 496] AH00456: Apache Lounge VC11 Server built: Jan 21 2019 13:25:29
[Sat Mar 16 00:40:51.978676 2019] [core:notice] [pid 8708:tid 496] AH00094: Command line: 'apache\\bin\\httpd.exe -d C:/LAMPP/apache'
[Sat Mar 16 00:40:51.985422 2019] [mpm_winnt:notice] [pid 8708:tid 496] AH00418: Parent: Created child process 11136
Apache server shutdown initiated...
sl:warn] [pid 11136:tid 504] AH01909: www.example.com:443:0 server certificate does NOT include an ID which matches the server name
[Sat Mar 16 00:40:52.573811 2019] [ssl:warn] [pid 11136:tid 504] AH01909: www.example.com:443:0 server certificate does NOT include an ID which matches the server name
[Sat Mar 16 00:40:52.600160 2019] [mpm_winnt:notice] [pid 11136:tid 504] AH00354: Child: Starting 150 worker threads.
[Sat Mar 16 00:41:17.716833 2019] [mpm_winnt:notice] [pid 8708:tid 496] AH00422: Parent: Received shutdown signal -- Shutting down the server.
[Sat Mar 16 00:41:19.719125 2019] [mpm_winnt:notice] [pid 11136:tid 504] AH00364: Child: All worker threads have exited.
[Sat Mar 16 00:41:19.757660 2019] [mpm_winnt:notice] [pid 8708:tid 496] AH00430: Parent: Child process 11136 exited successfully.
[Sat Mar 16 00:51:47.226968 2019] [ssl:warn] [pid 6616:tid 528] AH01909: www.example.com:443:0 server certificate does NOT include an ID which matches the server name
[Sat Mar 16 00:51:47.348748 2019] [ssl:warn] [pid 6616:tid 528] AH01909: www.example.com:443:0 server certificate does NOT include an ID which matches the server name
[Sat Mar 16 00:51:47.501388 2019] [mpm_winnt:notice] [pid 6616:tid 528] AH00455: Apache/2.4.38 (Win64) OpenSSL/1.0.2q PHP/5.6.40 configured -- resuming normal operations
[Sat Mar 16 00:51:47.501388 2019] [mpm_winnt:notice] [pid 6616:tid 528] AH00456: Apache Lounge VC11 Server built: Jan 21 2019 13:25:29
[Sat Mar 16 00:51:47.501388 2019] [core:notice] [pid 6616:tid 528] AH00094: Command line: 'apache\\bin\\httpd.exe -d C:/LAMPP1/apache'
[Sat Mar 16 00:51:47.505813 2019] [mpm_winnt:notice] [pid 6616:tid 528] AH00418: Parent: Created child process 10140
Apache server shutdown initiated...
sl:warn] [pid 10140:tid 516] AH01909: www.example.com:443:0 server certificate does NOT include an ID which matches the server name
[Sat Mar 16 00:51:48.147498 2019] [ssl:warn] [pid 10140:tid 516] AH01909: www.example.com:443:0 server certificate does NOT include an ID which matches the server name
[Sat Mar 16 00:51:48.174865 2019] [mpm_winnt:notice] [pid 10140:tid 516] AH00354: Child: Starting 150 worker threads.
[Sat Mar 16 00:52:41.786499 2019] [mpm_winnt:notice] [pid 6616:tid 528] AH00422: Parent: Received shutdown signal -- Shutting down the server.
[Sat Mar 16 00:52:43.789163 2019] [mpm_winnt:notice] [pid 10140:tid 516] AH00364: Child: All worker threads have exited.
[Sat Mar 16 00:52:43.822943 2019] [mpm_winnt:notice] [pid 6616:tid 528] AH00430: Parent: Child process 10140 exited successfully.
[Sat Mar 16 01:29:20.972065 2019] [ssl:warn] [pid 6500:tid 532] AH01909: www.example.com:443:0 server certificate does NOT include an ID which matches the server name
[Sat Mar 16 01:29:21.086904 2019] [ssl:warn] [pid 6500:tid 532] AH01909: www.example.com:443:0 server certificate does NOT include an ID which matches the server name
[Sat Mar 16 01:29:21.183555 2019] [mpm_winnt:notice] [pid 6500:tid 532] AH00455: Apache/2.4.38 (Win64) OpenSSL/1.0.2q PHP/5.6.40 configured -- resuming normal operations
[Sat Mar 16 01:29:21.183555 2019] [mpm_winnt:notice] [pid 6500:tid 532] AH00456: Apache Lounge VC11 Server built: Jan 21 2019 13:25:29
[Sat Mar 16 01:29:21.183555 2019] [core:notice] [pid 6500:tid 532] AH00094: Command line: 'apache\\bin\\httpd.exe -d C:/LAMPP333/apache'
[Sat Mar 16 01:29:21.187426 2019] [mpm_winnt:notice] [pid 6500:tid 532] AH00418: Parent: Created child process 1516
Apache server shutdown initiated...
sl:warn] [pid 1516:tid 504] AH01909: www.example.com:443:0 server certificate does NOT include an ID which matches the server name
[Sat Mar 16 01:29:21.769872 2019] [ssl:warn] [pid 1516:tid 504] AH01909: www.example.com:443:0 server certificate does NOT include an ID which matches the server name
[Sat Mar 16 01:29:21.796224 2019] [mpm_winnt:notice] [pid 1516:tid 504] AH00354: Child: Starting 150 worker threads.
[Sat Mar 16 01:29:34.018006 2019] [mpm_winnt:notice] [pid 6500:tid 532] AH00422: Parent: Received shutdown signal -- Shutting down the server.
[Sat Mar 16 01:29:38.230988 2019] [mpm_winnt:notice] [pid 1516:tid 504] AH00364: Child: All worker threads have exited.
[Sat Mar 16 01:29:38.272663 2019] [mpm_winnt:notice] [pid 6500:tid 532] AH00430: Parent: Child process 1516 exited successfully.
[Sat Mar 16 03:11:02.267632 2019] [ssl:warn] [pid 9892:tid 580] AH01909: www.example.com:443:0 server certificate does NOT include an ID which matches the server name
[Sat Mar 16 03:11:02.378001 2019] [ssl:warn] [pid 9892:tid 580] AH01909: www.example.com:443:0 server certificate does NOT include an ID which matches the server name
[Sat Mar 16 03:11:02.417784 2019] [mpm_winnt:notice] [pid 9892:tid 580] AH00455: Apache/2.4.38 (Win64) OpenSSL/1.0.2q PHP/5.6.40 configured -- resuming normal operations
[Sat Mar 16 03:11:02.417784 2019] [mpm_winnt:notice] [pid 9892:tid 580] AH00456: Apache Lounge VC11 Server built: Jan 21 2019 13:25:29
[Sat Mar 16 03:11:02.417784 2019] [core:notice] [pid 9892:tid 580] AH00094: Command line: 'apache\\bin\\httpd.exe -d C:/LAMPPsasfas/apache'
[Sat Mar 16 03:11:02.417784 2019] [mpm_winnt:notice] [pid 9892:tid 580] AH00418: Parent: Created child process 10892
Apache server shutdown initiated...
sl:warn] [pid 10892:tid 536] AH01909: www.example.com:443:0 server certificate does NOT include an ID which matches the server name
[Sat Mar 16 03:11:03.007844 2019] [ssl:warn] [pid 10892:tid 536] AH01909: www.example.com:443:0 server certificate does NOT include an ID which matches the server name
[Sat Mar 16 03:11:03.037940 2019] [mpm_winnt:notice] [pid 10892:tid 536] AH00354: Child: Starting 150 worker threads.
[Sat Mar 16 03:12:28.937959 2019] [mpm_winnt:notice] [pid 9892:tid 580] AH00422: Parent: Received shutdown signal -- Shutting down the server.
[Sat Mar 16 03:12:30.968096 2019] [mpm_winnt:notice] [pid 10892:tid 536] AH00364: Child: All worker threads have exited.
[Sat Mar 16 03:12:31.027851 2019] [mpm_winnt:notice] [pid 9892:tid 580] AH00430: Parent: Child process 10892 exited successfully.
[Sat Mar 16 03:12:33.627947 2019] [ssl:warn] [pid 4784:tid 576] AH01909: www.example.com:443:0 server certificate does NOT include an ID which matches the server name
[Sat Mar 16 03:12:33.732783 2019] [ssl:warn] [pid 4784:tid 576] AH01909: www.example.com:443:0 server certificate does NOT include an ID which matches the server name
[Sat Mar 16 03:12:33.752893 2019] [mpm_winnt:notice] [pid 4784:tid 576] AH00455: Apache/2.4.38 (Win64) OpenSSL/1.0.2q PHP/5.6.40 configured -- resuming normal operations
[Sat Mar 16 03:12:33.752893 2019] [mpm_winnt:notice] [pid 4784:tid 576] AH00456: Apache Lounge VC11 Server built: Jan 21 2019 13:25:29
[Sat Mar 16 03:12:33.752893 2019] [core:notice] [pid 4784:tid 576] AH00094: Command line: 'apache\\bin\\httpd.exe -d C:/LAMPPsasfas/apache'
[Sat Mar 16 03:12:33.757944 2019] [mpm_winnt:notice] [pid 4784:tid 576] AH00418: Parent: Created child process 5432
Apache server shutdown initiated...
sl:warn] [pid 5432:tid 136] AH01909: www.example.com:443:0 server certificate does NOT include an ID which matches the server name
[Sat Mar 16 03:12:34.328062 2019] [ssl:warn] [pid 5432:tid 136] AH01909: www.example.com:443:0 server certificate does NOT include an ID which matches the server name
[Sat Mar 16 03:12:34.353004 2019] [mpm_winnt:notice] [pid 5432:tid 136] AH00354: Child: Starting 150 worker threads.
[Sat Mar 16 03:13:46.787729 2019] [mpm_winnt:notice] [pid 4784:tid 576] AH00422: Parent: Received shutdown signal -- Shutting down the server.
[Sat Mar 16 03:13:48.827993 2019] [mpm_winnt:notice] [pid 5432:tid 136] AH00364: Child: All worker threads have exited.
[Sat Mar 16 03:13:48.877935 2019] [mpm_winnt:notice] [pid 4784:tid 576] AH00430: Parent: Child process 5432 exited successfully.
[Sat Mar 16 03:13:48.877935 2019] [core:error] [pid 4784:tid 576] (OS 2)Sistem belirtilen dosyayý bulamýyor.  : AH00095: failed to remove PID file C:/LAMPPsasfas/apache/logs/httpd.pid
[Sun Mar 17 01:17:08.923792 2019] [ssl:warn] [pid 11316:tid 580] AH01909: www.example.com:443:0 server certificate does NOT include an ID which matches the server name
[Sun Mar 17 01:17:09.044471 2019] [ssl:warn] [pid 11316:tid 580] AH01909: www.example.com:443:0 server certificate does NOT include an ID which matches the server name
[Sun Mar 17 01:17:09.177640 2019] [mpm_winnt:notice] [pid 11316:tid 580] AH00455: Apache/2.4.38 (Win64) OpenSSL/1.0.2q PHP/5.6.40 configured -- resuming normal operations
[Sun Mar 17 01:17:09.177640 2019] [mpm_winnt:notice] [pid 11316:tid 580] AH00456: Apache Lounge VC11 Server built: Jan 21 2019 13:25:29
[Sun Mar 17 01:17:09.177640 2019] [core:notice] [pid 11316:tid 580] AH00094: Command line: 'apache\\bin\\httpd.exe -d C:/Pre-Alpha LAMPdP/apache'
[Sun Mar 17 01:17:09.182928 2019] [mpm_winnt:notice] [pid 11316:tid 580] AH00418: Parent: Created child process 4340
Apache server shutdown initiated...
sl:warn] [pid 4340:tid 504] AH01909: www.example.com:443:0 server certificate does NOT include an ID which matches the server name
[Sun Mar 17 01:17:09.797272 2019] [ssl:warn] [pid 4340:tid 504] AH01909: www.example.com:443:0 server certificate does NOT include an ID which matches the server name
[Sun Mar 17 01:17:09.824201 2019] [mpm_winnt:notice] [pid 4340:tid 504] AH00354: Child: Starting 150 worker threads.
[Sun Mar 17 01:18:14.856719 2019] [mpm_winnt:notice] [pid 11316:tid 580] AH00422: Parent: Received shutdown signal -- Shutting down the server.
[Sun Mar 17 01:18:16.859494 2019] [mpm_winnt:notice] [pid 4340:tid 504] AH00364: Child: All worker threads have exited.
[Sun Mar 17 01:18:16.898432 2019] [mpm_winnt:notice] [pid 11316:tid 580] AH00430: Parent: Child process 4340 exited successfully.
[Sun Mar 17 01:18:18.068652 2019] [ssl:warn] [pid 3300:tid 540] AH01909: www.example.com:443:0 server certificate does NOT include an ID which matches the server name
[Sun Mar 17 01:18:18.188518 2019] [ssl:warn] [pid 3300:tid 540] AH01909: www.example.com:443:0 server certificate does NOT include an ID which matches the server name
[Sun Mar 17 01:18:18.213520 2019] [mpm_winnt:notice] [pid 3300:tid 540] AH00455: Apache/2.4.38 (Win64) OpenSSL/1.0.2q PHP/5.6.40 configured -- resuming normal operations
[Sun Mar 17 01:18:18.213520 2019] [mpm_winnt:notice] [pid 3300:tid 540] AH00456: Apache Lounge VC11 Server built: Jan 21 2019 13:25:29
[Sun Mar 17 01:18:18.213520 2019] [core:notice] [pid 3300:tid 540] AH00094: Command line: 'apache\\bin\\httpd.exe -d C:/Pre-Alpha LAMPdP/apache'
[Sun Mar 17 01:18:18.217511 2019] [mpm_winnt:notice] [pid 3300:tid 540] AH00418: Parent: Created child process 10564
Apache server shutdown initiated...
sl:warn] [pid 10564:tid 504] AH01909: www.example.com:443:0 server certificate does NOT include an ID which matches the server name
[Sun Mar 17 01:18:18.894730 2019] [ssl:warn] [pid 10564:tid 504] AH01909: www.example.com:443:0 server certificate does NOT include an ID which matches the server name
[Sun Mar 17 01:18:18.922044 2019] [mpm_winnt:notice] [pid 10564:tid 504] AH00354: Child: Starting 150 worker threads.
[Sun Mar 17 01:19:48.849256 2019] [mpm_winnt:notice] [pid 3300:tid 540] AH00422: Parent: Received shutdown signal -- Shutting down the server.
[Sun Mar 17 01:19:50.852582 2019] [mpm_winnt:notice] [pid 10564:tid 504] AH00364: Child: All worker threads have exited.
[Sun Mar 17 01:19:50.899242 2019] [mpm_winnt:notice] [pid 3300:tid 540] AH00430: Parent: Child process 10564 exited successfully.
[Sun Mar 17 01:21:06.638554 2019] [ssl:warn] [pid 5392:tid 496] AH01909: www.example.com:443:0 server certificate does NOT include an ID which matches the server name
[Sun Mar 17 01:21:06.777557 2019] [ssl:warn] [pid 5392:tid 496] AH01909: www.example.com:443:0 server certificate does NOT include an ID which matches the server name
[Sun Mar 17 01:21:06.801493 2019] [mpm_winnt:notice] [pid 5392:tid 496] AH00455: Apache/2.4.38 (Win64) OpenSSL/1.0.2q PHP/5.6.40 configured -- resuming normal operations
[Sun Mar 17 01:21:06.802490 2019] [mpm_winnt:notice] [pid 5392:tid 496] AH00456: Apache Lounge VC11 Server built: Jan 21 2019 13:25:29
[Sun Mar 17 01:21:06.802490 2019] [core:notice] [pid 5392:tid 496] AH00094: Command line: 'apache\\bin\\httpd.exe -d C:/Pre-Alpha LAMPdP/apache'
[Sun Mar 17 01:21:06.806478 2019] [mpm_winnt:notice] [pid 5392:tid 496] AH00418: Parent: Created child process 1052
Apache server shutdown initiated...
sl:warn] [pid 1052:tid 504] AH01909: www.example.com:443:0 server certificate does NOT include an ID which matches the server name
[Sun Mar 17 01:21:07.486440 2019] [ssl:warn] [pid 1052:tid 504] AH01909: www.example.com:443:0 server certificate does NOT include an ID which matches the server name
[Sun Mar 17 01:21:07.513357 2019] [mpm_winnt:notice] [pid 1052:tid 504] AH00354: Child: Starting 150 worker threads.
[Sun Mar 17 01:21:19.161202 2019] [mpm_winnt:notice] [pid 5392:tid 496] AH00422: Parent: Received shutdown signal -- Shutting down the server.
[Sun Mar 17 01:21:21.164409 2019] [mpm_winnt:notice] [pid 1052:tid 504] AH00364: Child: All worker threads have exited.
[Sun Mar 17 01:21:21.201245 2019] [mpm_winnt:notice] [pid 5392:tid 496] AH00430: Parent: Child process 1052 exited successfully.
[Sun Mar 17 01:21:51.286288 2019] [ssl:warn] [pid 11696:tid 496] AH01909: www.example.com:443:0 server certificate does NOT include an ID which matches the server name
[Sun Mar 17 01:21:51.400021 2019] [ssl:warn] [pid 11696:tid 496] AH01909: www.example.com:443:0 server certificate does NOT include an ID which matches the server name
[Sun Mar 17 01:21:51.424955 2019] [mpm_winnt:notice] [pid 11696:tid 496] AH00455: Apache/2.4.38 (Win64) OpenSSL/1.0.2q PHP/5.6.40 configured -- resuming normal operations
[Sun Mar 17 01:21:51.424955 2019] [mpm_winnt:notice] [pid 11696:tid 496] AH00456: Apache Lounge VC11 Server built: Jan 21 2019 13:25:29
[Sun Mar 17 01:21:51.424955 2019] [core:notice] [pid 11696:tid 496] AH00094: Command line: 'apache\\bin\\httpd.exe -d C:/Pre-Alpha LAMPdP/apache'
[Sun Mar 17 01:21:51.428956 2019] [mpm_winnt:notice] [pid 11696:tid 496] AH00418: Parent: Created child process 7624
Apache server shutdown initiated...
sl:warn] [pid 7624:tid 504] AH01909: www.example.com:443:0 server certificate does NOT include an ID which matches the server name
[Sun Mar 17 01:21:52.053812 2019] [ssl:warn] [pid 7624:tid 504] AH01909: www.example.com:443:0 server certificate does NOT include an ID which matches the server name
[Sun Mar 17 01:21:52.080741 2019] [mpm_winnt:notice] [pid 7624:tid 504] AH00354: Child: Starting 150 worker threads.
[Sun Mar 17 01:22:00.721394 2019] [mpm_winnt:notice] [pid 11696:tid 496] AH00422: Parent: Received shutdown signal -- Shutting down the server.
[Sun Mar 17 01:22:02.724376 2019] [mpm_winnt:notice] [pid 7624:tid 504] AH00364: Child: All worker threads have exited.
[Sun Mar 17 01:22:02.754868 2019] [mpm_winnt:notice] [pid 11696:tid 496] AH00430: Parent: Child process 7624 exited successfully.
[Sun Mar 17 01:22:54.423710 2019] [ssl:warn] [pid 12188:tid 504] AH01909: www.example.com:443:0 server certificate does NOT include an ID which matches the server name
[Sun Mar 17 01:22:54.535411 2019] [ssl:warn] [pid 12188:tid 504] AH01909: www.example.com:443:0 server certificate does NOT include an ID which matches the server name
[Sun Mar 17 01:22:54.559348 2019] [mpm_winnt:notice] [pid 12188:tid 504] AH00455: Apache/2.4.38 (Win64) OpenSSL/1.0.2q PHP/5.6.40 configured -- resuming normal operations
[Sun Mar 17 01:22:54.559348 2019] [mpm_winnt:notice] [pid 12188:tid 504] AH00456: Apache Lounge VC11 Server built: Jan 21 2019 13:25:29
[Sun Mar 17 01:22:54.559348 2019] [core:notice] [pid 12188:tid 504] AH00094: Command line: 'apache\\bin\\httpd.exe -d C:/Pre-Alpha LAMPdP/apache'
[Sun Mar 17 01:22:54.563360 2019] [mpm_winnt:notice] [pid 12188:tid 504] AH00418: Parent: Created child process 9136
Apache server shutdown initiated...
sl:warn] [pid 9136:tid 504] AH01909: www.example.com:443:0 server certificate does NOT include an ID which matches the server name
[Sun Mar 17 01:22:55.171353 2019] [ssl:warn] [pid 9136:tid 504] AH01909: www.example.com:443:0 server certificate does NOT include an ID which matches the server name
[Sun Mar 17 01:22:55.197308 2019] [mpm_winnt:notice] [pid 9136:tid 504] AH00354: Child: Starting 150 worker threads.
[Sun Mar 17 01:22:56.113651 2019] [mpm_winnt:notice] [pid 12188:tid 504] AH00422: Parent: Received shutdown signal -- Shutting down the server.
[Sun Mar 17 01:22:58.116018 2019] [mpm_winnt:notice] [pid 9136:tid 504] AH00364: Child: All worker threads have exited.
[Sun Mar 17 01:22:58.147365 2019] [mpm_winnt:notice] [pid 12188:tid 504] AH00430: Parent: Child process 9136 exited successfully.
[Sun Mar 17 01:23:54.709576 2019] [ssl:warn] [pid 7164:tid 496] AH01909: www.example.com:443:0 server certificate does NOT include an ID which matches the server name
[Sun Mar 17 01:23:54.830902 2019] [ssl:warn] [pid 7164:tid 496] AH01909: www.example.com:443:0 server certificate does NOT include an ID which matches the server name
[Sun Mar 17 01:23:54.855714 2019] [mpm_winnt:notice] [pid 7164:tid 496] AH00455: Apache/2.4.38 (Win64) OpenSSL/1.0.2q PHP/5.6.40 configured -- resuming normal operations
[Sun Mar 17 01:23:54.855714 2019] [mpm_winnt:notice] [pid 7164:tid 496] AH00456: Apache Lounge VC11 Server built: Jan 21 2019 13:25:29
[Sun Mar 17 01:23:54.855714 2019] [core:notice] [pid 7164:tid 496] AH00094: Command line: 'apache\\bin\\httpd.exe -d C:/Pre-Alpha LAMPdP/apache'
[Sun Mar 17 01:23:54.859879 2019] [mpm_winnt:notice] [pid 7164:tid 496] AH00418: Parent: Created child process 2244
Apache server shutdown initiated...
sl:warn] [pid 2244:tid 504] AH01909: www.example.com:443:0 server certificate does NOT include an ID which matches the server name
[Sun Mar 17 01:23:55.496903 2019] [ssl:warn] [pid 2244:tid 504] AH01909: www.example.com:443:0 server certificate does NOT include an ID which matches the server name
[Sun Mar 17 01:23:55.524863 2019] [mpm_winnt:notice] [pid 2244:tid 504] AH00354: Child: Starting 150 worker threads.
[Sun Mar 17 01:23:55.544588 2019] [mpm_winnt:notice] [pid 7164:tid 496] AH00422: Parent: Received shutdown signal -- Shutting down the server.
[Sun Mar 17 01:23:57.546572 2019] [mpm_winnt:notice] [pid 2244:tid 504] AH00364: Child: All worker threads have exited.
[Sun Mar 17 01:23:57.569694 2019] [mpm_winnt:notice] [pid 7164:tid 496] AH00430: Parent: Child process 2244 exited successfully.
[Sun Mar 17 01:29:57.795895 2019] [ssl:warn] [pid 9512:tid 496] AH01909: www.example.com:443:0 server certificate does NOT include an ID which matches the server name
[Sun Mar 17 01:29:57.910826 2019] [ssl:warn] [pid 9512:tid 496] AH01909: www.example.com:443:0 server certificate does NOT include an ID which matches the server name
[Sun Mar 17 01:29:57.935724 2019] [mpm_winnt:notice] [pid 9512:tid 496] AH00455: Apache/2.4.38 (Win64) OpenSSL/1.0.2q PHP/5.6.40 configured -- resuming normal operations
[Sun Mar 17 01:29:57.935724 2019] [mpm_winnt:notice] [pid 9512:tid 496] AH00456: Apache Lounge VC11 Server built: Jan 21 2019 13:25:29
[Sun Mar 17 01:29:57.935724 2019] [core:notice] [pid 9512:tid 496] AH00094: Command line: 'apache\\bin\\httpd.exe -d C:/Pre-Alpha LAMPdP/apache'
[Sun Mar 17 01:29:57.939712 2019] [mpm_winnt:notice] [pid 9512:tid 496] AH00418: Parent: Created child process 3552
Apache server shutdown initiated...
sl:warn] [pid 3552:tid 508] AH01909: www.example.com:443:0 server certificate does NOT include an ID which matches the server name
[Sun Mar 17 01:29:58.559202 2019] [ssl:warn] [pid 3552:tid 508] AH01909: www.example.com:443:0 server certificate does NOT include an ID which matches the server name
[Sun Mar 17 01:29:58.585133 2019] [mpm_winnt:notice] [pid 3552:tid 508] AH00354: Child: Starting 150 worker threads.
[Sun Mar 17 01:31:48.985350 2019] [mpm_winnt:notice] [pid 9512:tid 496] AH00422: Parent: Received shutdown signal -- Shutting down the server.
[Sun Mar 17 01:31:50.987702 2019] [mpm_winnt:notice] [pid 3552:tid 508] AH00364: Child: All worker threads have exited.
[Sun Mar 17 01:31:51.020218 2019] [mpm_winnt:notice] [pid 9512:tid 496] AH00430: Parent: Child process 3552 exited successfully.
[Sun Mar 17 01:31:55.231709 2019] [ssl:warn] [pid 5756:tid 500] AH01909: www.example.com:443:0 server certificate does NOT include an ID which matches the server name
[Sun Mar 17 01:31:55.345509 2019] [ssl:warn] [pid 5756:tid 500] AH01909: www.example.com:443:0 server certificate does NOT include an ID which matches the server name
[Sun Mar 17 01:31:55.369445 2019] [mpm_winnt:notice] [pid 5756:tid 500] AH00455: Apache/2.4.38 (Win64) OpenSSL/1.0.2q PHP/5.6.40 configured -- resuming normal operations
[Sun Mar 17 01:31:55.369445 2019] [mpm_winnt:notice] [pid 5756:tid 500] AH00456: Apache Lounge VC11 Server built: Jan 21 2019 13:25:29
[Sun Mar 17 01:31:55.369445 2019] [core:notice] [pid 5756:tid 500] AH00094: Command line: 'apache\\bin\\httpd.exe -d C:/Pre-Alpha LAMPdP/apache'
[Sun Mar 17 01:31:55.375441 2019] [mpm_winnt:notice] [pid 5756:tid 500] AH00418: Parent: Created child process 11532
Apache server shutdown initiated...
sl:warn] [pid 11532:tid 504] AH01909: www.example.com:443:0 server certificate does NOT include an ID which matches the server name
[Sun Mar 17 01:31:55.980581 2019] [ssl:warn] [pid 11532:tid 504] AH01909: www.example.com:443:0 server certificate does NOT include an ID which matches the server name
[Sun Mar 17 01:31:56.006324 2019] [mpm_winnt:notice] [pid 11532:tid 504] AH00354: Child: Starting 150 worker threads.
[Sun Mar 17 01:32:07.616568 2019] [mpm_winnt:notice] [pid 5756:tid 500] AH00422: Parent: Received shutdown signal -- Shutting down the server.
[Sun Mar 17 01:32:09.619376 2019] [mpm_winnt:notice] [pid 11532:tid 504] AH00364: Child: All worker threads have exited.
[Sun Mar 17 01:32:09.652254 2019] [mpm_winnt:notice] [pid 5756:tid 500] AH00430: Parent: Child process 11532 exited successfully.
[Sun Mar 17 01:32:44.259040 2019] [ssl:warn] [pid 6712:tid 496] AH01909: www.example.com:443:0 server certificate does NOT include an ID which matches the server name
[Sun Mar 17 01:32:44.378494 2019] [ssl:warn] [pid 6712:tid 496] AH01909: www.example.com:443:0 server certificate does NOT include an ID which matches the server name
[Sun Mar 17 01:32:44.402430 2019] [mpm_winnt:notice] [pid 6712:tid 496] AH00455: Apache/2.4.38 (Win64) OpenSSL/1.0.2q PHP/5.6.40 configured -- resuming normal operations
[Sun Mar 17 01:32:44.402430 2019] [mpm_winnt:notice] [pid 6712:tid 496] AH00456: Apache Lounge VC11 Server built: Jan 21 2019 13:25:29
[Sun Mar 17 01:32:44.402430 2019] [core:notice] [pid 6712:tid 496] AH00094: Command line: 'apache\\bin\\httpd.exe -d C:/Pre-Alpha LAMPdP/apache'
[Sun Mar 17 01:32:44.406419 2019] [mpm_winnt:notice] [pid 6712:tid 496] AH00418: Parent: Created child process 11764
Apache server shutdown initiated...
sl:warn] [pid 11764:tid 504] AH01909: www.example.com:443:0 server certificate does NOT include an ID which matches the server name
[Sun Mar 17 01:32:45.020392 2019] [ssl:warn] [pid 11764:tid 504] AH01909: www.example.com:443:0 server certificate does NOT include an ID which matches the server name
[Sun Mar 17 01:32:45.047309 2019] [mpm_winnt:notice] [pid 11764:tid 504] AH00354: Child: Starting 150 worker threads.
[Sun Mar 17 01:32:47.025516 2019] [mpm_winnt:notice] [pid 6712:tid 496] AH00422: Parent: Received shutdown signal -- Shutting down the server.
[Sun Mar 17 01:32:49.027127 2019] [mpm_winnt:notice] [pid 11764:tid 504] AH00364: Child: All worker threads have exited.
[Sun Mar 17 01:32:49.064889 2019] [mpm_winnt:notice] [pid 6712:tid 496] AH00430: Parent: Child process 11764 exited successfully.
[Sun Mar 17 01:33:19.281129 2019] [ssl:warn] [pid 3932:tid 452] AH01909: www.example.com:443:0 server certificate does NOT include an ID which matches the server name
[Sun Mar 17 01:33:19.394508 2019] [ssl:warn] [pid 3932:tid 452] AH01909: www.example.com:443:0 server certificate does NOT include an ID which matches the server name
[Sun Mar 17 01:33:19.418444 2019] [mpm_winnt:notice] [pid 3932:tid 452] AH00455: Apache/2.4.38 (Win64) OpenSSL/1.0.2q PHP/5.6.40 configured -- resuming normal operations
[Sun Mar 17 01:33:19.418444 2019] [mpm_winnt:notice] [pid 3932:tid 452] AH00456: Apache Lounge VC11 Server built: Jan 21 2019 13:25:29
[Sun Mar 17 01:33:19.418444 2019] [core:notice] [pid 3932:tid 452] AH00094: Command line: 'apache\\bin\\httpd.exe -d C:/Pre-Alpha LAMPdP/apache'
[Sun Mar 17 01:33:19.423398 2019] [mpm_winnt:notice] [pid 3932:tid 452] AH00418: Parent: Created child process 9536
Apache server shutdown initiated...
sl:warn] [pid 9536:tid 504] AH01909: www.example.com:443:0 server certificate does NOT include an ID which matches the server name
[Sun Mar 17 01:33:20.029816 2019] [ssl:warn] [pid 9536:tid 504] AH01909: www.example.com:443:0 server certificate does NOT include an ID which matches the server name
[Sun Mar 17 01:33:20.056778 2019] [mpm_winnt:notice] [pid 9536:tid 504] AH00354: Child: Starting 150 worker threads.
[Sun Mar 17 01:33:23.465198 2019] [mpm_winnt:notice] [pid 3932:tid 452] AH00422: Parent: Received shutdown signal -- Shutting down the server.
[Sun Mar 17 01:33:25.467004 2019] [mpm_winnt:notice] [pid 9536:tid 504] AH00364: Child: All worker threads have exited.
[Sun Mar 17 01:33:25.488949 2019] [mpm_winnt:notice] [pid 3932:tid 452] AH00430: Parent: Child process 9536 exited successfully.
[Sun Mar 17 01:33:35.927434 2019] [ssl:warn] [pid 3516:tid 504] AH01909: www.example.com:443:0 server certificate does NOT include an ID which matches the server name
[Sun Mar 17 01:33:36.044801 2019] [ssl:warn] [pid 3516:tid 504] AH01909: www.example.com:443:0 server certificate does NOT include an ID which matches the server name
[Sun Mar 17 01:33:36.068738 2019] [mpm_winnt:notice] [pid 3516:tid 504] AH00455: Apache/2.4.38 (Win64) OpenSSL/1.0.2q PHP/5.6.40 configured -- resuming normal operations
[Sun Mar 17 01:33:36.068738 2019] [mpm_winnt:notice] [pid 3516:tid 504] AH00456: Apache Lounge VC11 Server built: Jan 21 2019 13:25:29
[Sun Mar 17 01:33:36.068738 2019] [core:notice] [pid 3516:tid 504] AH00094: Command line: 'apache\\bin\\httpd.exe -d C:/Pre-Alpha LAMPdP/apache'
[Sun Mar 17 01:33:36.073724 2019] [mpm_winnt:notice] [pid 3516:tid 504] AH00418: Parent: Created child process 1136
Apache server shutdown initiated...
sl:warn] [pid 1136:tid 504] AH01909: www.example.com:443:0 server certificate does NOT include an ID which matches the server name
[Sun Mar 17 01:33:36.680876 2019] [ssl:warn] [pid 1136:tid 504] AH01909: www.example.com:443:0 server certificate does NOT include an ID which matches the server name
[Sun Mar 17 01:33:36.706941 2019] [mpm_winnt:notice] [pid 1136:tid 504] AH00354: Child: Starting 150 worker threads.
[Sun Mar 17 01:33:42.856350 2019] [mpm_winnt:notice] [pid 3516:tid 504] AH00422: Parent: Received shutdown signal -- Shutting down the server.
[Sun Mar 17 01:33:44.858937 2019] [mpm_winnt:notice] [pid 1136:tid 504] AH00364: Child: All worker threads have exited.
[Sun Mar 17 01:33:44.897777 2019] [mpm_winnt:notice] [pid 3516:tid 504] AH00430: Parent: Child process 1136 exited successfully.
[Sun Mar 17 01:34:05.005000 2019] [ssl:warn] [pid 10480:tid 496] AH01909: www.example.com:443:0 server certificate does NOT include an ID which matches the server name
[Sun Mar 17 01:34:05.117363 2019] [ssl:warn] [pid 10480:tid 496] AH01909: www.example.com:443:0 server certificate does NOT include an ID which matches the server name
[Sun Mar 17 01:34:05.141291 2019] [mpm_winnt:notice] [pid 10480:tid 496] AH00455: Apache/2.4.38 (Win64) OpenSSL/1.0.2q PHP/5.6.40 configured -- resuming normal operations
[Sun Mar 17 01:34:05.141291 2019] [mpm_winnt:notice] [pid 10480:tid 496] AH00456: Apache Lounge VC11 Server built: Jan 21 2019 13:25:29
[Sun Mar 17 01:34:05.141291 2019] [core:notice] [pid 10480:tid 496] AH00094: Command line: 'apache\\bin\\httpd.exe -d C:/Pre-Alpha LAMPdP/apache'
[Sun Mar 17 01:34:05.146246 2019] [mpm_winnt:notice] [pid 10480:tid 496] AH00418: Parent: Created child process 9384
Apache server shutdown initiated...
sl:warn] [pid 9384:tid 500] AH01909: www.example.com:443:0 server certificate does NOT include an ID which matches the server name
[Sun Mar 17 01:34:05.775557 2019] [ssl:warn] [pid 9384:tid 500] AH01909: www.example.com:443:0 server certificate does NOT include an ID which matches the server name
[Sun Mar 17 01:34:05.802520 2019] [mpm_winnt:notice] [pid 9384:tid 500] AH00354: Child: Starting 150 worker threads.
[Sun Mar 17 01:34:06.000381 2019] [mpm_winnt:notice] [pid 10480:tid 496] AH00422: Parent: Received shutdown signal -- Shutting down the server.
[Sun Mar 17 01:34:08.004079 2019] [mpm_winnt:notice] [pid 9384:tid 500] AH00364: Child: All worker threads have exited.
[Sun Mar 17 01:34:08.037959 2019] [mpm_winnt:notice] [pid 10480:tid 496] AH00430: Parent: Child process 9384 exited successfully.
[Sun Mar 17 01:34:19.423311 2019] [ssl:warn] [pid 11844:tid 516] AH01909: www.example.com:443:0 server certificate does NOT include an ID which matches the server name
[Sun Mar 17 01:34:19.542420 2019] [ssl:warn] [pid 11844:tid 516] AH01909: www.example.com:443:0 server certificate does NOT include an ID which matches the server name
[Sun Mar 17 01:34:19.567355 2019] [mpm_winnt:notice] [pid 11844:tid 516] AH00455: Apache/2.4.38 (Win64) OpenSSL/1.0.2q PHP/5.6.40 configured -- resuming normal operations
[Sun Mar 17 01:34:19.567355 2019] [mpm_winnt:notice] [pid 11844:tid 516] AH00456: Apache Lounge VC11 Server built: Jan 21 2019 13:25:29
[Sun Mar 17 01:34:19.567355 2019] [core:notice] [pid 11844:tid 516] AH00094: Command line: 'apache\\bin\\httpd.exe -d C:/Pre-Alpha LAMPdP/apache'
[Sun Mar 17 01:34:19.574395 2019] [mpm_winnt:notice] [pid 11844:tid 516] AH00418: Parent: Created child process 8632
Apache server shutdown initiated...
sl:warn] [pid 8632:tid 504] AH01909: www.example.com:443:0 server certificate does NOT include an ID which matches the server name
[Sun Mar 17 01:34:20.191197 2019] [ssl:warn] [pid 8632:tid 504] AH01909: www.example.com:443:0 server certificate does NOT include an ID which matches the server name
[Sun Mar 17 01:34:20.220120 2019] [mpm_winnt:notice] [pid 8632:tid 504] AH00354: Child: Starting 150 worker threads.
[Sun Mar 17 01:34:24.665109 2019] [mpm_winnt:notice] [pid 11844:tid 516] AH00422: Parent: Received shutdown signal -- Shutting down the server.
[Sun Mar 17 01:34:26.668551 2019] [mpm_winnt:notice] [pid 8632:tid 504] AH00364: Child: All worker threads have exited.
[Sun Mar 17 01:34:26.699323 2019] [mpm_winnt:notice] [pid 11844:tid 516] AH00430: Parent: Child process 8632 exited successfully.
[Sun Mar 17 01:34:52.931030 2019] [ssl:warn] [pid 12860:tid 504] AH01909: www.example.com:443:0 server certificate does NOT include an ID which matches the server name
[Sun Mar 17 01:34:53.044098 2019] [ssl:warn] [pid 12860:tid 504] AH01909: www.example.com:443:0 server certificate does NOT include an ID which matches the server name
[Sun Mar 17 01:34:53.069031 2019] [mpm_winnt:notice] [pid 12860:tid 504] AH00455: Apache/2.4.38 (Win64) OpenSSL/1.0.2q PHP/5.6.40 configured -- resuming normal operations
[Sun Mar 17 01:34:53.069031 2019] [mpm_winnt:notice] [pid 12860:tid 504] AH00456: Apache Lounge VC11 Server built: Jan 21 2019 13:25:29
[Sun Mar 17 01:34:53.069031 2019] [core:notice] [pid 12860:tid 504] AH00094: Command line: 'apache\\bin\\httpd.exe -d C:/Pre-Alpha LAMPdP/apache'
[Sun Mar 17 01:34:53.073798 2019] [mpm_winnt:notice] [pid 12860:tid 504] AH00418: Parent: Created child process 3976
Apache server shutdown initiated...
sl:warn] [pid 3976:tid 508] AH01909: www.example.com:443:0 server certificate does NOT include an ID which matches the server name
[Sun Mar 17 01:34:53.705222 2019] [ssl:warn] [pid 3976:tid 508] AH01909: www.example.com:443:0 server certificate does NOT include an ID which matches the server name
[Sun Mar 17 01:34:53.732164 2019] [mpm_winnt:notice] [pid 3976:tid 508] AH00354: Child: Starting 150 worker threads.
[Sun Mar 17 01:34:55.856876 2019] [mpm_winnt:notice] [pid 12860:tid 504] AH00422: Parent: Received shutdown signal -- Shutting down the server.
[Sun Mar 17 01:34:57.860230 2019] [mpm_winnt:notice] [pid 3976:tid 508] AH00364: Child: All worker threads have exited.
[Sun Mar 17 01:34:57.892216 2019] [mpm_winnt:notice] [pid 12860:tid 504] AH00430: Parent: Child process 3976 exited successfully.
[Sun Mar 17 01:44:10.777123 2019] [ssl:warn] [pid 1104:tid 496] AH01909: www.example.com:443:0 server certificate does NOT include an ID which matches the server name
[Sun Mar 17 01:44:10.893302 2019] [ssl:warn] [pid 1104:tid 496] AH01909: www.example.com:443:0 server certificate does NOT include an ID which matches the server name
[Sun Mar 17 01:44:11.005539 2019] [mpm_winnt:notice] [pid 1104:tid 496] AH00455: Apache/2.4.38 (Win64) OpenSSL/1.0.2q PHP/5.6.40 configured -- resuming normal operations
[Sun Mar 17 01:44:11.005539 2019] [mpm_winnt:notice] [pid 1104:tid 496] AH00456: Apache Lounge VC11 Server built: Jan 21 2019 13:25:29
[Sun Mar 17 01:44:11.005539 2019] [core:notice] [pid 1104:tid 496] AH00094: Command line: 'apache\\bin\\httpd.exe -d C:/Pre-Alpha LAMPP/apache'
[Sun Mar 17 01:44:11.010525 2019] [mpm_winnt:notice] [pid 1104:tid 496] AH00418: Parent: Created child process 10736
Apache server shutdown initiated...
sl:warn] [pid 10736:tid 516] AH01909: www.example.com:443:0 server certificate does NOT include an ID which matches the server name
[Sun Mar 17 01:44:11.618640 2019] [ssl:warn] [pid 10736:tid 516] AH01909: www.example.com:443:0 server certificate does NOT include an ID which matches the server name
[Sun Mar 17 01:44:11.644215 2019] [mpm_winnt:notice] [pid 10736:tid 516] AH00354: Child: Starting 150 worker threads.
[Sun Mar 17 01:45:13.852233 2019] [mpm_winnt:notice] [pid 1104:tid 496] AH00422: Parent: Received shutdown signal -- Shutting down the server.
[Sun Mar 17 01:45:15.855006 2019] [mpm_winnt:notice] [pid 10736:tid 516] AH00364: Child: All worker threads have exited.
[Sun Mar 17 01:45:15.892505 2019] [mpm_winnt:notice] [pid 1104:tid 496] AH00430: Parent: Child process 10736 exited successfully.
[Sun Mar 17 01:45:15.893501 2019] [core:error] [pid 1104:tid 496] (OS 2)Sistem belirtilen dosyayý bulamýyor.  : AH00095: failed to remove PID file C:/Pre-Alpha LAMPP/apache/logs/httpd.pid
[Sun Mar 17 01:49:56.166691 2019] [ssl:warn] [pid 7088:tid 504] AH01909: www.example.com:443:0 server certificate does NOT include an ID which matches the server name
[Sun Mar 17 01:49:56.289587 2019] [ssl:warn] [pid 7088:tid 504] AH01909: www.example.com:443:0 server certificate does NOT include an ID which matches the server name
[Sun Mar 17 01:49:56.313626 2019] [mpm_winnt:notice] [pid 7088:tid 504] AH00455: Apache/2.4.38 (Win64) OpenSSL/1.0.2q PHP/5.6.40 configured -- resuming normal operations
[Sun Mar 17 01:49:56.313626 2019] [mpm_winnt:notice] [pid 7088:tid 504] AH00456: Apache Lounge VC11 Server built: Jan 21 2019 13:25:29
[Sun Mar 17 01:49:56.313626 2019] [core:notice] [pid 7088:tid 504] AH00094: Command line: 'apache\\bin\\httpd.exe -d C:/Pre-Alpha LAMPP/apache'
[Sun Mar 17 01:49:56.318615 2019] [mpm_winnt:notice] [pid 7088:tid 504] AH00418: Parent: Created child process 3688
Apache server shutdown initiated...
sl:warn] [pid 3688:tid 504] AH01909: www.example.com:443:0 server certificate does NOT include an ID which matches the server name
[Sun Mar 17 01:49:56.934078 2019] [ssl:warn] [pid 3688:tid 504] AH01909: www.example.com:443:0 server certificate does NOT include an ID which matches the server name
[Sun Mar 17 01:49:56.961005 2019] [mpm_winnt:notice] [pid 3688:tid 504] AH00354: Child: Starting 150 worker threads.
[Sun Mar 17 01:49:57.360932 2019] [mpm_winnt:notice] [pid 7088:tid 504] AH00422: Parent: Received shutdown signal -- Shutting down the server.
[Sun Mar 17 01:49:59.363276 2019] [mpm_winnt:notice] [pid 3688:tid 504] AH00364: Child: All worker threads have exited.
[Sun Mar 17 01:49:59.395312 2019] [mpm_winnt:notice] [pid 7088:tid 504] AH00430: Parent: Child process 3688 exited successfully.
[Sun Mar 17 02:24:31.249730 2019] [ssl:warn] [pid 8544:tid 556] AH01909: www.example.com:443:0 server certificate does NOT include an ID which matches the server name
[Sun Mar 17 02:24:31.372476 2019] [ssl:warn] [pid 8544:tid 556] AH01909: www.example.com:443:0 server certificate does NOT include an ID which matches the server name
[Sun Mar 17 02:24:31.399404 2019] [mpm_winnt:notice] [pid 8544:tid 556] AH00455: Apache/2.4.38 (Win64) OpenSSL/1.0.2q PHP/5.6.40 configured -- resuming normal operations
[Sun Mar 17 02:24:31.399404 2019] [mpm_winnt:notice] [pid 8544:tid 556] AH00456: Apache Lounge VC11 Server built: Jan 21 2019 13:25:29
[Sun Mar 17 02:24:31.399404 2019] [core:notice] [pid 8544:tid 556] AH00094: Command line: 'apache\\bin\\httpd.exe -d C:/Pre-Alpha LAMPPe/apache'
[Sun Mar 17 02:24:31.401399 2019] [mpm_winnt:notice] [pid 8544:tid 556] AH00418: Parent: Created child process 7228
Apache server shutdown initiated...
sl:warn] [pid 7228:tid 528] AH01909: www.example.com:443:0 server certificate does NOT include an ID which matches the server name
[Sun Mar 17 02:24:31.993170 2019] [ssl:warn] [pid 7228:tid 528] AH01909: www.example.com:443:0 server certificate does NOT include an ID which matches the server name
[Sun Mar 17 02:24:32.018563 2019] [mpm_winnt:notice] [pid 7228:tid 528] AH00354: Child: Starting 150 worker threads.
[Sun Mar 17 02:25:14.175784 2019] [mpm_winnt:notice] [pid 8544:tid 556] AH00422: Parent: Received shutdown signal -- Shutting down the server.
[Sun Mar 17 02:25:16.178990 2019] [mpm_winnt:notice] [pid 7228:tid 528] AH00364: Child: All worker threads have exited.
[Sun Mar 17 02:25:16.221183 2019] [mpm_winnt:notice] [pid 8544:tid 556] AH00430: Parent: Child process 7228 exited successfully.
[Sun Mar 17 02:25:16.222149 2019] [core:error] [pid 8544:tid 556] (OS 2)Sistem belirtilen dosyayý bulamýyor.  : AH00095: failed to remove PID file C:/Pre-Alpha LAMPPe/apache/logs/httpd.pid
[Sun Mar 17 02:54:04.319068 2019] [ssl:warn] [pid 1108:tid 556] AH01909: www.example.com:443:0 server certificate does NOT include an ID which matches the server name
[Sun Mar 17 02:54:04.432486 2019] [ssl:warn] [pid 1108:tid 556] AH01909: www.example.com:443:0 server certificate does NOT include an ID which matches the server name
[Sun Mar 17 02:54:04.455425 2019] [mpm_winnt:notice] [pid 1108:tid 556] AH00455: Apache/2.4.38 (Win64) OpenSSL/1.0.2q PHP/5.6.40 configured -- resuming normal operations
[Sun Mar 17 02:54:04.455425 2019] [mpm_winnt:notice] [pid 1108:tid 556] AH00456: Apache Lounge VC11 Server built: Jan 21 2019 13:25:29
[Sun Mar 17 02:54:04.455425 2019] [core:notice] [pid 1108:tid 556] AH00094: Command line: 'apache\\bin\\httpd.exe -d C:/Pre-Alpha LAMPPe/apache'
[Sun Mar 17 02:54:04.458419 2019] [mpm_winnt:notice] [pid 1108:tid 556] AH00418: Parent: Created child process 544
Apache server shutdown initiated...
sl:warn] [pid 544:tid 148] AH01909: www.example.com:443:0 server certificate does NOT include an ID which matches the server name
[Sun Mar 17 02:54:05.175056 2019] [ssl:warn] [pid 544:tid 148] AH01909: www.example.com:443:0 server certificate does NOT include an ID which matches the server name
[Sun Mar 17 02:54:05.203006 2019] [mpm_winnt:notice] [pid 544:tid 148] AH00354: Child: Starting 150 worker threads.
[Sun Mar 17 02:54:08.047087 2019] [mpm_winnt:notice] [pid 1108:tid 556] AH00422: Parent: Received shutdown signal -- Shutting down the server.
[Sun Mar 17 02:54:14.471732 2019] [mpm_winnt:notice] [pid 544:tid 148] AH00364: Child: All worker threads have exited.
[Sun Mar 17 02:56:36.512511 2019] [ssl:warn] [pid 12068:tid 536] AH01909: www.example.com:443:0 server certificate does NOT include an ID which matches the server name
[Sun Mar 17 02:56:36.546371 2019] [core:warn] [pid 12068:tid 536] AH00098: pid file C:/Pre-Alpha LAMPPe/apache/logs/httpd.pid overwritten -- Unclean shutdown of previous Apache run?
[Sun Mar 17 02:56:36.631173 2019] [ssl:warn] [pid 12068:tid 536] AH01909: www.example.com:443:0 server certificate does NOT include an ID which matches the server name
[Sun Mar 17 02:56:36.655083 2019] [mpm_winnt:notice] [pid 12068:tid 536] AH00455: Apache/2.4.38 (Win64) OpenSSL/1.0.2q PHP/5.6.40 configured -- resuming normal operations
[Sun Mar 17 02:56:36.655083 2019] [mpm_winnt:notice] [pid 12068:tid 536] AH00456: Apache Lounge VC11 Server built: Jan 21 2019 13:25:29
[Sun Mar 17 02:56:36.655083 2019] [core:notice] [pid 12068:tid 536] AH00094: Command line: 'apache\\bin\\httpd.exe -d C:/Pre-Alpha LAMPPe/apache'
[Sun Mar 17 02:56:36.657077 2019] [mpm_winnt:notice] [pid 12068:tid 536] AH00418: Parent: Created child process 9016
Apache server shutdown initiated...
sl:warn] [pid 9016:tid 544] AH01909: www.example.com:443:0 server certificate does NOT include an ID which matches the server name
[Sun Mar 17 02:56:37.224114 2019] [ssl:warn] [pid 9016:tid 544] AH01909: www.example.com:443:0 server certificate does NOT include an ID which matches the server name
[Sun Mar 17 02:56:37.251067 2019] [mpm_winnt:notice] [pid 9016:tid 544] AH00354: Child: Starting 150 worker threads.
[Sun Mar 17 03:01:24.361371 2019] [mpm_winnt:notice] [pid 12068:tid 536] AH00422: Parent: Received shutdown signal -- Shutting down the server.
[Sun Mar 17 03:01:26.364186 2019] [mpm_winnt:notice] [pid 9016:tid 544] AH00364: Child: All worker threads have exited.
[Sun Mar 17 03:01:26.401416 2019] [mpm_winnt:notice] [pid 12068:tid 536] AH00430: Parent: Child process 9016 exited successfully.
[Sun Mar 17 03:02:41.956528 2019] [ssl:warn] [pid 6004:tid 580] AH01909: www.example.com:443:0 server certificate does NOT include an ID which matches the server name
[Sun Mar 17 03:02:42.066601 2019] [ssl:warn] [pid 6004:tid 580] AH01909: www.example.com:443:0 server certificate does NOT include an ID which matches the server name
[Sun Mar 17 03:02:42.093526 2019] [mpm_winnt:notice] [pid 6004:tid 580] AH00455: Apache/2.4.38 (Win64) OpenSSL/1.0.2q PHP/5.6.40 configured -- resuming normal operations
[Sun Mar 17 03:02:42.093526 2019] [mpm_winnt:notice] [pid 6004:tid 580] AH00456: Apache Lounge VC11 Server built: Jan 21 2019 13:25:29
[Sun Mar 17 03:02:42.093526 2019] [core:notice] [pid 6004:tid 580] AH00094: Command line: 'apache\\bin\\httpd.exe -d C:/Pre-Alpha LAMPP/apache'
[Sun Mar 17 03:02:42.095486 2019] [mpm_winnt:notice] [pid 6004:tid 580] AH00418: Parent: Created child process 1796
Apache server shutdown initiated...
sl:warn] [pid 1796:tid 564] AH01909: www.example.com:443:0 server certificate does NOT include an ID which matches the server name
[Sun Mar 17 03:02:42.781876 2019] [ssl:warn] [pid 1796:tid 564] AH01909: www.example.com:443:0 server certificate does NOT include an ID which matches the server name
[Sun Mar 17 03:02:42.806844 2019] [mpm_winnt:notice] [pid 1796:tid 564] AH00354: Child: Starting 150 worker threads.
[Sun Mar 17 03:02:44.198847 2019] [mpm_winnt:notice] [pid 6004:tid 580] AH00422: Parent: Received shutdown signal -- Shutting down the server.
[Sun Mar 17 03:02:46.201842 2019] [mpm_winnt:notice] [pid 1796:tid 564] AH00364: Child: All worker threads have exited.
[Sun Mar 17 03:02:46.235531 2019] [mpm_winnt:notice] [pid 6004:tid 580] AH00430: Parent: Child process 1796 exited successfully.
