2015-11-10 15:26:56 10fc InnoDB: Warning: Using innodb_additional_mem_pool_size is DEPRECATED. This option may be removed in future releases, together with the option innodb_use_sys_malloc and with the InnoDB's internal memory allocator.
2015-11-10 15:26:56 4348 [Note] InnoDB: Using mutexes to ref count buffer pool pages
2015-11-10 15:26:56 4348 [Note] InnoDB: The InnoDB memory heap is disabled
2015-11-10 15:26:56 4348 [Note] InnoDB: Mutexes and rw_locks use Windows interlocked functions
2015-11-10 15:26:56 4348 [Note] InnoDB: Memory barrier is not used
2015-11-10 15:26:56 4348 [Note] InnoDB: Compressed tables use zlib 1.2.3
2015-11-10 15:26:56 4348 [Note] InnoDB: Not using CPU crc32 instructions
2015-11-10 15:26:56 4348 [Note] InnoDB: Initializing buffer pool, size = 16.0M
2015-11-10 15:26:56 4348 [Note] InnoDB: Completed initialization of buffer pool
2015-11-10 15:26:56 4348 [Note] InnoDB: Highest supported file format is Barracuda.
2015-11-10 15:26:57 4348 [Note] InnoDB: 128 rollback segment(s) are active.
2015-11-10 15:26:57 4348 [Note] InnoDB: Waiting for purge to start
2015-11-10 15:26:57 4348 [Note] InnoDB:  Percona XtraDB (http://www.percona.com) 5.6.26-74.0 started; log sequence number 1835027
2015-11-10 15:26:57 6140 [Note] InnoDB: Dumping buffer pool(s) not yet started
2015-11-10 15:26:57 4348 [Note] Plugin 'FEEDBACK' is disabled.
2015-11-10 15:26:57 4348 [Note] Server socket created on IP: '::'.
2015-11-10 15:26:57 4348 [Note] Event Scheduler: Loaded 0 events
2015-11-10 15:26:57 4348 [Note] C:\xampp\mysql\bin\mysqld.exe: ready for connections.
Version: '10.1.8-MariaDB'  socket: ''  port: 3306  mariadb.org binary distribution
2015-11-10 15:27:11 5152 [Note] C:\xampp\mysql\bin\mysqld.exe: Normal shutdown

2015-11-10 15:27:11 5152 [Note] Event Scheduler: Purging the queue. 0 events
2015-11-10 15:27:11 5732 [Note] InnoDB: FTS optimize thread exiting.
2015-11-10 15:27:11 5152 [Note] InnoDB: Starting shutdown...
2015-11-10 15:27:13 5152 [Note] InnoDB: Shutdown completed; log sequence number 1835037
2015-11-10 15:27:13 5152 [Note] C:\xampp\mysql\bin\mysqld.exe: Shutdown complete

2019-03-16 00:41:00 23fc InnoDB: Warning: Using innodb_additional_mem_pool_size is DEPRECATED. This option may be removed in future releases, together with the option innodb_use_sys_malloc and with the InnoDB's internal memory allocator.
2019-03-16  0:41:00 9212 [Note] InnoDB: innodb_empty_free_list_algorithm has been changed to legacy because of small buffer pool size. In order to use backoff, increase buffer pool at least up to 20MB.

2019-03-16  0:41:00 9212 [Note] InnoDB: Using mutexes to ref count buffer pool pages
2019-03-16  0:41:00 9212 [Note] InnoDB: The InnoDB memory heap is disabled
2019-03-16  0:41:00 9212 [Note] InnoDB: Mutexes and rw_locks use Windows interlocked functions
2019-03-16  0:41:00 9212 [Note] InnoDB: _mm_lfence() and _mm_sfence() are used for memory barrier
2019-03-16  0:41:00 9212 [Note] InnoDB: Compressed tables use zlib 1.2.11
2019-03-16  0:41:00 9212 [Note] InnoDB: Using generic crc32 instructions
2019-03-16  0:41:00 9212 [Note] InnoDB: Initializing buffer pool, size = 16.0M
2019-03-16  0:41:00 9212 [Note] InnoDB: Completed initialization of buffer pool
2019-03-16  0:41:00 9212 [Note] InnoDB: Highest supported file format is Barracuda.
2019-03-16  0:41:00 9212 [Note] InnoDB: 128 rollback segment(s) are active.
2019-03-16  0:41:00 9212 [Note] InnoDB: Waiting for purge to start
2019-03-16  0:41:00 9212 [Note] InnoDB:  Percona XtraDB (http://www.percona.com) 5.6.42-84.2 started; log sequence number 1835037
2019-03-16  0:41:00 5548 [Note] InnoDB: Dumping buffer pool(s) not yet started
2019-03-16  0:41:00 9212 [Note] Plugin 'FEEDBACK' is disabled.
2019-03-16  0:41:00 9212 [Note] Server socket created on IP: '::'.
2019-03-16  0:41:01 9212 [Note] mysql\bin\mysqld: ready for connections.
Version: '10.1.38-MariaDB'  socket: ''  port: 3306  mariadb.org binary distribution
2019-03-16 00:51:57 608 InnoDB: Warning: Using innodb_additional_mem_pool_size is DEPRECATED. This option may be removed in future releases, together with the option innodb_use_sys_malloc and with the InnoDB's internal memory allocator.
2019-03-16  0:51:57 1544 [Note] InnoDB: innodb_empty_free_list_algorithm has been changed to legacy because of small buffer pool size. In order to use backoff, increase buffer pool at least up to 20MB.

2019-03-16  0:51:57 1544 [Note] InnoDB: Using mutexes to ref count buffer pool pages
2019-03-16  0:51:57 1544 [Note] InnoDB: The InnoDB memory heap is disabled
2019-03-16  0:51:57 1544 [Note] InnoDB: Mutexes and rw_locks use Windows interlocked functions
2019-03-16  0:51:57 1544 [Note] InnoDB: _mm_lfence() and _mm_sfence() are used for memory barrier
2019-03-16  0:51:57 1544 [Note] InnoDB: Compressed tables use zlib 1.2.11
2019-03-16  0:51:57 1544 [Note] InnoDB: Using generic crc32 instructions
2019-03-16  0:51:57 1544 [Note] InnoDB: Initializing buffer pool, size = 16.0M
2019-03-16  0:51:57 1544 [Note] InnoDB: Completed initialization of buffer pool
2019-03-16  0:51:57 1544 [Note] InnoDB: Highest supported file format is Barracuda.
2019-03-16  0:51:57 1544 [Note] InnoDB: Starting crash recovery from checkpoint LSN=1835047
2019-03-16  0:51:57 1544 [Note] InnoDB: Restoring possible half-written data pages from the doublewrite buffer...
2019-03-16  0:51:57 1544 [Note] InnoDB: Starting final batch to recover 1 pages from redo log
2019-03-16  0:51:57 1544 [Note] InnoDB: 128 rollback segment(s) are active.
2019-03-16  0:51:57 1544 [Note] InnoDB: Waiting for purge to start
2019-03-16  0:51:57 1544 [Note] InnoDB:  Percona XtraDB (http://www.percona.com) 5.6.42-84.2 started; log sequence number 1835181
2019-03-16  0:51:57 1764 [Note] InnoDB: Dumping buffer pool(s) not yet started
2019-03-16  0:51:57 1544 [Note] Plugin 'FEEDBACK' is disabled.
2019-03-16  0:51:57 1544 [Note] Server socket created on IP: '::'.
2019-03-16  0:51:58 1544 [Note] mysql\bin\mysqld: ready for connections.
Version: '10.1.38-MariaDB'  socket: ''  port: 3306  mariadb.org binary distribution
2019-03-16 03:11:11 11c4 InnoDB: Warning: Using innodb_additional_mem_pool_size is DEPRECATED. This option may be removed in future releases, together with the option innodb_use_sys_malloc and with the InnoDB's internal memory allocator.
2019-03-16  3:11:11 4548 [Note] InnoDB: innodb_empty_free_list_algorithm has been changed to legacy because of small buffer pool size. In order to use backoff, increase buffer pool at least up to 20MB.

2019-03-16  3:11:11 4548 [Note] InnoDB: Using mutexes to ref count buffer pool pages
2019-03-16  3:11:11 4548 [Note] InnoDB: The InnoDB memory heap is disabled
2019-03-16  3:11:11 4548 [Note] InnoDB: Mutexes and rw_locks use Windows interlocked functions
2019-03-16  3:11:11 4548 [Note] InnoDB: _mm_lfence() and _mm_sfence() are used for memory barrier
2019-03-16  3:11:11 4548 [Note] InnoDB: Compressed tables use zlib 1.2.11
2019-03-16  3:11:11 4548 [Note] InnoDB: Using generic crc32 instructions
2019-03-16  3:11:11 4548 [Note] InnoDB: Initializing buffer pool, size = 16.0M
2019-03-16  3:11:11 4548 [Note] InnoDB: Completed initialization of buffer pool
2019-03-16  3:11:11 4548 [Note] InnoDB: Highest supported file format is Barracuda.
2019-03-16  3:11:11 4548 [Note] InnoDB: The log sequence number 1835037 in ibdata file do not match the log sequence number 1835191 in the ib_logfiles!
2019-03-16  3:11:11 4548 [Note] InnoDB: Restoring possible half-written data pages from the doublewrite buffer...
2019-03-16  3:11:11 4548 [Note] InnoDB: 128 rollback segment(s) are active.
2019-03-16  3:11:11 4548 [Note] InnoDB: Waiting for purge to start
2019-03-16  3:11:11 4548 [Note] InnoDB:  Percona XtraDB (http://www.percona.com) 5.6.42-84.2 started; log sequence number 1835191
2019-03-16  3:11:11 8496 [Note] InnoDB: Dumping buffer pool(s) not yet started
2019-03-16  3:11:11 4548 [Note] Plugin 'FEEDBACK' is disabled.
2019-03-16  3:11:11 4548 [Note] Server socket created on IP: '::'.
2019-03-16  3:11:11 4548 [Note] mysql\bin\mysqld: ready for connections.
Version: '10.1.38-MariaDB'  socket: ''  port: 3306  mariadb.org binary distribution
2019-03-16 03:12:35 2be8 InnoDB: Warning: Using innodb_additional_mem_pool_size is DEPRECATED. This option may be removed in future releases, together with the option innodb_use_sys_malloc and with the InnoDB's internal memory allocator.
2019-03-16  3:12:35 11240 [Note] InnoDB: innodb_empty_free_list_algorithm has been changed to legacy because of small buffer pool size. In order to use backoff, increase buffer pool at least up to 20MB.

2019-03-16  3:12:35 11240 [Note] InnoDB: Using mutexes to ref count buffer pool pages
2019-03-16  3:12:35 11240 [Note] InnoDB: The InnoDB memory heap is disabled
2019-03-16  3:12:35 11240 [Note] InnoDB: Mutexes and rw_locks use Windows interlocked functions
2019-03-16  3:12:35 11240 [Note] InnoDB: _mm_lfence() and _mm_sfence() are used for memory barrier
2019-03-16  3:12:35 11240 [Note] InnoDB: Compressed tables use zlib 1.2.11
2019-03-16  3:12:35 11240 [Note] InnoDB: Using generic crc32 instructions
2019-03-16  3:12:35 11240 [Note] InnoDB: Initializing buffer pool, size = 16.0M
2019-03-16  3:12:35 11240 [Note] InnoDB: Completed initialization of buffer pool
2019-03-16  3:12:35 11240 [Note] InnoDB: Highest supported file format is Barracuda.
2019-03-16  3:12:35 11240 [Note] InnoDB: The log sequence number 1835037 in ibdata file do not match the log sequence number 1835406 in the ib_logfiles!
2019-03-16  3:12:35 11240 [Note] InnoDB: Restoring possible half-written data pages from the doublewrite buffer...
2019-03-16  3:12:35 11240 [Note] InnoDB: 128 rollback segment(s) are active.
2019-03-16  3:12:35 11240 [Note] InnoDB: Waiting for purge to start
2019-03-16  3:12:35 11240 [Note] InnoDB:  Percona XtraDB (http://www.percona.com) 5.6.42-84.2 started; log sequence number 1835406
2019-03-16  3:12:35 5268 [Note] InnoDB: Dumping buffer pool(s) not yet started
2019-03-16  3:12:35 11240 [Note] Plugin 'FEEDBACK' is disabled.
2019-03-16  3:12:35 11240 [Note] Server socket created on IP: '::'.
2019-03-16  3:12:36 11240 [Note] mysql\bin\mysqld: ready for connections.
Version: '10.1.38-MariaDB'  socket: ''  port: 3306  mariadb.org binary distribution
2019-03-17 02:22:44 1c10 InnoDB: Warning: Using innodb_additional_mem_pool_size is DEPRECATED. This option may be removed in future releases, together with the option innodb_use_sys_malloc and with the InnoDB's internal memory allocator.
2019-03-17  2:22:44 7184 [Note] InnoDB: innodb_empty_free_list_algorithm has been changed to legacy because of small buffer pool size. In order to use backoff, increase buffer pool at least up to 20MB.

2019-03-17  2:22:44 7184 [Note] InnoDB: Using mutexes to ref count buffer pool pages
2019-03-17  2:22:44 7184 [Note] InnoDB: The InnoDB memory heap is disabled
2019-03-17  2:22:44 7184 [Note] InnoDB: Mutexes and rw_locks use Windows interlocked functions
2019-03-17  2:22:44 7184 [Note] InnoDB: _mm_lfence() and _mm_sfence() are used for memory barrier
2019-03-17  2:22:44 7184 [Note] InnoDB: Compressed tables use zlib 1.2.11
2019-03-17  2:22:44 7184 [Note] InnoDB: Using generic crc32 instructions
2019-03-17  2:22:44 7184 [Note] InnoDB: Initializing buffer pool, size = 16.0M
2019-03-17  2:22:44 7184 [Note] InnoDB: Completed initialization of buffer pool
2019-03-17  2:22:44 7184 [Note] InnoDB: Highest supported file format is Barracuda.
2019-03-17  2:22:44 7184 [Note] InnoDB: The log sequence number 1835037 in ibdata file do not match the log sequence number 1835416 in the ib_logfiles!
2019-03-17  2:22:44 7184 [Note] InnoDB: Restoring possible half-written data pages from the doublewrite buffer...
2019-03-17  2:22:44 7184 [Note] InnoDB: 128 rollback segment(s) are active.
2019-03-17  2:22:44 7184 [Note] InnoDB: Waiting for purge to start
2019-03-17  2:22:44 7184 [Note] InnoDB:  Percona XtraDB (http://www.percona.com) 5.6.42-84.2 started; log sequence number 1835416
2019-03-17  2:22:44 1460 [Note] InnoDB: Dumping buffer pool(s) not yet started
2019-03-17  2:22:44 7184 [Note] Plugin 'FEEDBACK' is disabled.
2019-03-17  2:22:44 7184 [Note] Server socket created on IP: '::'.
2019-03-17  2:22:44 7184 [Note] mysql\bin\mysqld: ready for connections.
Version: '10.1.38-MariaDB'  socket: ''  port: 3306  mariadb.org binary distribution
2019-03-17 02:24:52 f5c InnoDB: Warning: Using innodb_additional_mem_pool_size is DEPRECATED. This option may be removed in future releases, together with the option innodb_use_sys_malloc and with the InnoDB's internal memory allocator.
2019-03-17  2:24:52 3932 [Note] InnoDB: innodb_empty_free_list_algorithm has been changed to legacy because of small buffer pool size. In order to use backoff, increase buffer pool at least up to 20MB.

2019-03-17  2:24:52 3932 [Note] InnoDB: Using mutexes to ref count buffer pool pages
2019-03-17  2:24:52 3932 [Note] InnoDB: The InnoDB memory heap is disabled
2019-03-17  2:24:52 3932 [Note] InnoDB: Mutexes and rw_locks use Windows interlocked functions
2019-03-17  2:24:52 3932 [Note] InnoDB: _mm_lfence() and _mm_sfence() are used for memory barrier
2019-03-17  2:24:52 3932 [Note] InnoDB: Compressed tables use zlib 1.2.11
2019-03-17  2:24:52 3932 [Note] InnoDB: Using generic crc32 instructions
2019-03-17  2:24:52 3932 [Note] InnoDB: Initializing buffer pool, size = 16.0M
2019-03-17  2:24:52 3932 [Note] InnoDB: Completed initialization of buffer pool
2019-03-17  2:24:52 3932 [Note] InnoDB: Highest supported file format is Barracuda.
2019-03-17  2:24:52 3932 [Note] InnoDB: The log sequence number 1835037 in ibdata file do not match the log sequence number 1835426 in the ib_logfiles!
2019-03-17  2:24:52 3932 [Note] InnoDB: Restoring possible half-written data pages from the doublewrite buffer...
2019-03-17  2:24:52 3932 [Note] InnoDB: 128 rollback segment(s) are active.
2019-03-17  2:24:52 3932 [Note] InnoDB: Waiting for purge to start
2019-03-17  2:24:52 3932 [Note] InnoDB:  Percona XtraDB (http://www.percona.com) 5.6.42-84.2 started; log sequence number 1835426
2019-03-17  2:24:52 1352 [Note] InnoDB: Dumping buffer pool(s) not yet started
2019-03-17  2:24:52 3932 [Note] Plugin 'FEEDBACK' is disabled.
2019-03-17  2:24:52 3932 [Note] Server socket created on IP: '::'.
2019-03-17  2:24:52 3932 [Note] mysql\bin\mysqld: ready for connections.
Version: '10.1.38-MariaDB'  socket: ''  port: 3306  mariadb.org binary distribution
2019-03-17 02:53:56 438 InnoDB: Warning: Using innodb_additional_mem_pool_size is DEPRECATED. This option may be removed in future releases, together with the option innodb_use_sys_malloc and with the InnoDB's internal memory allocator.
2019-03-17  2:53:56 1080 [Note] InnoDB: innodb_empty_free_list_algorithm has been changed to legacy because of small buffer pool size. In order to use backoff, increase buffer pool at least up to 20MB.

2019-03-17  2:53:56 1080 [Note] InnoDB: Using mutexes to ref count buffer pool pages
2019-03-17  2:53:56 1080 [Note] InnoDB: The InnoDB memory heap is disabled
2019-03-17  2:53:56 1080 [Note] InnoDB: Mutexes and rw_locks use Windows interlocked functions
2019-03-17  2:53:56 1080 [Note] InnoDB: _mm_lfence() and _mm_sfence() are used for memory barrier
2019-03-17  2:53:56 1080 [Note] InnoDB: Compressed tables use zlib 1.2.11
2019-03-17  2:53:56 1080 [Note] InnoDB: Using generic crc32 instructions
2019-03-17  2:53:56 1080 [Note] InnoDB: Initializing buffer pool, size = 16.0M
2019-03-17  2:53:56 1080 [Note] InnoDB: Completed initialization of buffer pool
2019-03-17  2:53:56 1080 [Note] InnoDB: Highest supported file format is Barracuda.
2019-03-17  2:53:56 1080 [Note] InnoDB: The log sequence number 1835037 in ibdata file do not match the log sequence number 1835657 in the ib_logfiles!
2019-03-17  2:53:56 1080 [Note] InnoDB: Restoring possible half-written data pages from the doublewrite buffer...
2019-03-17  2:53:56 1080 [Note] InnoDB: 128 rollback segment(s) are active.
2019-03-17  2:53:56 1080 [Note] InnoDB: Waiting for purge to start
2019-03-17  2:53:56 1080 [Note] InnoDB:  Percona XtraDB (http://www.percona.com) 5.6.42-84.2 started; log sequence number 1835657
2019-03-17  2:53:56 11084 [Note] InnoDB: Dumping buffer pool(s) not yet started
2019-03-17  2:53:56 1080 [Note] Plugin 'FEEDBACK' is disabled.
2019-03-17  2:53:56 1080 [Note] Server socket created on IP: '::'.
2019-03-17  2:53:56 1080 [Note] mysql\bin\mysqld: ready for connections.
Version: '10.1.38-MariaDB'  socket: ''  port: 3306  mariadb.org binary distribution
2019-03-17 02:56:39 20ec InnoDB: Warning: Using innodb_additional_mem_pool_size is DEPRECATED. This option may be removed in future releases, together with the option innodb_use_sys_malloc and with the InnoDB's internal memory allocator.
2019-03-17  2:56:39 8428 [Note] InnoDB: innodb_empty_free_list_algorithm has been changed to legacy because of small buffer pool size. In order to use backoff, increase buffer pool at least up to 20MB.

2019-03-17  2:56:39 8428 [Note] InnoDB: Using mutexes to ref count buffer pool pages
2019-03-17  2:56:39 8428 [Note] InnoDB: The InnoDB memory heap is disabled
2019-03-17  2:56:39 8428 [Note] InnoDB: Mutexes and rw_locks use Windows interlocked functions
2019-03-17  2:56:39 8428 [Note] InnoDB: _mm_lfence() and _mm_sfence() are used for memory barrier
2019-03-17  2:56:39 8428 [Note] InnoDB: Compressed tables use zlib 1.2.11
2019-03-17  2:56:39 8428 [Note] InnoDB: Using generic crc32 instructions
2019-03-17  2:56:39 8428 [Note] InnoDB: Initializing buffer pool, size = 16.0M
2019-03-17  2:56:39 8428 [Note] InnoDB: Completed initialization of buffer pool
2019-03-17  2:56:39 8428 [Note] InnoDB: Highest supported file format is Barracuda.
2019-03-17  2:56:39 8428 [Note] InnoDB: Starting crash recovery from checkpoint LSN=1835667
2019-03-17  2:56:39 8428 [Note] InnoDB: Restoring possible half-written data pages from the doublewrite buffer...
2019-03-17  2:56:39 8428 [Note] InnoDB: Starting final batch to recover 3 pages from redo log
2019-03-17  2:56:40 8428 [Note] InnoDB: 128 rollback segment(s) are active.
2019-03-17  2:56:40 8428 [Note] InnoDB: Waiting for purge to start
2019-03-17  2:56:40 8428 [Note] InnoDB:  Percona XtraDB (http://www.percona.com) 5.6.42-84.2 started; log sequence number 1836618
2019-03-17  2:56:40 1060 [Note] InnoDB: Dumping buffer pool(s) not yet started
2019-03-17  2:56:40 8428 [Note] Plugin 'FEEDBACK' is disabled.
2019-03-17  2:56:40 8428 [Note] Server socket created on IP: '::'.
2019-03-17  2:56:40 8428 [Note] mysql\bin\mysqld: ready for connections.
Version: '10.1.38-MariaDB'  socket: ''  port: 3306  mariadb.org binary distribution
